0 info it worked if it ends with ok
1 verbose cli [ 'C:\\Program Files\\nodejs\\node.exe',
1 verbose cli   'C:\\Users\\Mabel\\AppData\\Roaming\\npm\\node_modules\\npm\\bin\\npm-cli.js',
1 verbose cli   'start' ]
2 info using npm@3.10.8
3 info using node@v4.6.0
4 verbose run-script [ 'prestart', 'start', 'poststart' ]
5 info lifecycle rest@0.0.0~prestart: rest@0.0.0
6 silly lifecycle rest@0.0.0~prestart: no script for prestart, continuing
7 info lifecycle rest@0.0.0~start: rest@0.0.0
8 verbose lifecycle rest@0.0.0~start: unsafe-perm in lifecycle true
9 verbose lifecycle rest@0.0.0~start: PATH: C:\Users\Mabel\AppData\Roaming\npm\node_modules\npm\bin\node-gyp-bin;C:\Users\Mabel\Documents\WebsiteRepo\Software-Engineering\rest-server-passport\node_modules\.bin;C:\ProgramData\Oracle\Java\javapath;C:\Program Files (x86)\Intel\iCLS Client\;C:\Program Files\Intel\iCLS Client\;C:\WINDOWS\system32;C:\WINDOWS;C:\WINDOWS\System32\Wbem;C:\WINDOWS\System32\WindowsPowerShell\v1.0\;C:\Program Files\Intel\Intel(R) Management Engine Components\DAL;C:\Program Files (x86)\Intel\Intel(R) Management Engine Components\DAL;C:\Program Files\Intel\Intel(R) Management Engine Components\IPT;C:\Program Files (x86)\Intel\Intel(R) Management Engine Components\IPT;C:\cygwin64\bin;C:\WINDOWS\system32\config\systemprofile\.dnx\bin;C:\Program Files\Microsoft DNX\Dnvm\;C:\Program Files\Intel\WiFi\bin\;C:\Program Files\Common Files\Intel\WirelessCommon\;C:\Program Files (x86)\Skype\Phone\;C:\Program Files\nodejs\;C:\Program Files\Git\cmd;C:\Program Files\MongoDB\Server\3.2\bin;C:\ProgramData\Mabel\atom\bin;C:\Users\Mabel\AppData\Local\Microsoft\WindowsApps;C:\Users\Mabel\AppData\Roaming\npm
10 verbose lifecycle rest@0.0.0~start: CWD: C:\Users\Mabel\Documents\WebsiteRepo\Software-Engineering\rest-server-passport
11 silly lifecycle rest@0.0.0~start: Args: [ '/d /s /c', 'node ./bin/www' ]
12 silly lifecycle rest@0.0.0~start: Returned: code: 3221225786  signal: null
13 info lifecycle rest@0.0.0~start: Failed to exec start script
14 verbose stack Error: rest@0.0.0 start: `node ./bin/www`
14 verbose stack Exit status 3221225786
14 verbose stack     at EventEmitter.<anonymous> (C:\Users\Mabel\AppData\Roaming\npm\node_modules\npm\lib\utils\lifecycle.js:255:16)
14 verbose stack     at emitTwo (events.js:87:13)
14 verbose stack     at EventEmitter.emit (events.js:172:7)
14 verbose stack     at ChildProcess.<anonymous> (C:\Users\Mabel\AppData\Roaming\npm\node_modules\npm\lib\utils\spawn.js:40:14)
14 verbose stack     at emitTwo (events.js:87:13)
14 verbose stack     at ChildProcess.emit (events.js:172:7)
14 verbose stack     at maybeClose (internal/child_process.js:829:16)
14 verbose stack     at Process.ChildProcess._handle.onexit (internal/child_process.js:211:5)
15 verbose pkgid rest@0.0.0
16 verbose cwd C:\Users\Mabel\Documents\WebsiteRepo\Software-Engineering\rest-server-passport
17 error Windows_NT 10.0.14393
18 error argv "C:\\Program Files\\nodejs\\node.exe" "C:\\Users\\Mabel\\AppData\\Roaming\\npm\\node_modules\\npm\\bin\\npm-cli.js" "start"
19 error node v4.6.0
20 error npm  v3.10.8
21 error code ELIFECYCLE
22 error rest@0.0.0 start: `node ./bin/www`
22 error Exit status 3221225786
23 error Failed at the rest@0.0.0 start script 'node ./bin/www'.
23 error Make sure you have the latest version of node.js and npm installed.
23 error If you do, this is most likely a problem with the rest package,
23 error not with npm itself.
23 error Tell the author that this fails on your system:
23 error     node ./bin/www
23 error You can get information on how to open an issue for this project with:
23 error     npm bugs rest
23 error Or if that isn't available, you can get their info via:
23 error     npm owner ls rest
23 error There is likely additional logging output above.
24 verbose exit [ 1, true ]
